2015-08-20 02:00:43.701+0000 WARN  [o.n.k.EmbeddedGraphDatabase]: You are using an unsupported version of the Java runtime. Please use Oracle(R) Java(TM) Runtime Environment 7 or OpenJDK(TM) 7.
2015-08-20 02:00:43.772+0000 INFO  [o.n.k.InternalAbstractGraphDatabase]: No locking implementation specified, defaulting to 'community'
2015-08-20 02:00:45.031+0000 INFO  [o.n.k.i.DiagnosticsManager]: --- INITIALIZED diagnostics START ---
2015-08-20 02:00:45.035+0000 INFO  [o.n.k.i.DiagnosticsManager]: Neo4j Kernel properties:
2015-08-20 02:00:45.037+0000 INFO  [o.n.k.i.DiagnosticsManager]: neostore.propertystore.db.strings.mapped_memory=501M
2015-08-20 02:00:45.038+0000 INFO  [o.n.k.i.DiagnosticsManager]: ephemeral=false
2015-08-20 02:00:45.038+0000 INFO  [o.n.k.i.DiagnosticsManager]: neostore.nodestore.db.mapped_memory=158M
2015-08-20 02:00:45.038+0000 INFO  [o.n.k.i.DiagnosticsManager]: store_dir=user.db
2015-08-20 02:00:45.038+0000 INFO  [o.n.k.i.DiagnosticsManager]: neostore.propertystore.db.arrays.mapped_memory=584M
2015-08-20 02:00:45.038+0000 INFO  [o.n.k.i.DiagnosticsManager]: neostore.relationshipgroupstore.db.mapped_memory=0M
2015-08-20 02:00:45.038+0000 INFO  [o.n.k.i.DiagnosticsManager]: neostore.propertystore.db.mapped_memory=572M
2015-08-20 02:00:45.038+0000 INFO  [o.n.k.i.DiagnosticsManager]: neostore.relationshipstore.db.mapped_memory=677M
2015-08-20 02:00:45.041+0000 INFO  [o.n.k.i.DiagnosticsManager]: Diagnostics providers:
2015-08-20 02:00:45.041+0000 INFO  [o.n.k.i.DiagnosticsManager]: org.neo4j.kernel.configuration.Config
2015-08-20 02:00:45.041+0000 INFO  [o.n.k.i.DiagnosticsManager]: org.neo4j.kernel.info.DiagnosticsManager
2015-08-20 02:00:45.041+0000 INFO  [o.n.k.i.DiagnosticsManager]: SYSTEM_MEMORY
2015-08-20 02:00:45.041+0000 INFO  [o.n.k.i.DiagnosticsManager]: JAVA_MEMORY
2015-08-20 02:00:45.041+0000 INFO  [o.n.k.i.DiagnosticsManager]: OPERATING_SYSTEM
2015-08-20 02:00:45.042+0000 INFO  [o.n.k.i.DiagnosticsManager]: JAVA_VIRTUAL_MACHINE
2015-08-20 02:00:45.042+0000 INFO  [o.n.k.i.DiagnosticsManager]: CLASSPATH
2015-08-20 02:00:45.042+0000 INFO  [o.n.k.i.DiagnosticsManager]: LIBRARY_PATH
2015-08-20 02:00:45.042+0000 INFO  [o.n.k.i.DiagnosticsManager]: SYSTEM_PROPERTIES
2015-08-20 02:00:45.042+0000 INFO  [o.n.k.i.DiagnosticsManager]: NETWORK
2015-08-20 02:00:45.043+0000 INFO  [o.n.k.i.DiagnosticsManager]: System memory information:
2015-08-20 02:00:45.046+0000 INFO  [o.n.k.i.DiagnosticsManager]: Total Physical memory: 8.00 GB
2015-08-20 02:00:45.048+0000 INFO  [o.n.k.i.DiagnosticsManager]: Free Physical memory: 40.80 MB
2015-08-20 02:00:45.049+0000 INFO  [o.n.k.i.DiagnosticsManager]: Committed virtual memory: 5.87 GB
2015-08-20 02:00:45.050+0000 INFO  [o.n.k.i.DiagnosticsManager]: Total swap space: 0.00 B
2015-08-20 02:00:45.051+0000 INFO  [o.n.k.i.DiagnosticsManager]: Free swap space: 0.00 B
2015-08-20 02:00:45.053+0000 INFO  [o.n.k.i.DiagnosticsManager]: JVM memory information:
2015-08-20 02:00:45.053+0000 INFO  [o.n.k.i.DiagnosticsManager]: Free  memory: 486.26 MB
2015-08-20 02:00:45.053+0000 INFO  [o.n.k.i.DiagnosticsManager]: Total memory: 555.50 MB
2015-08-20 02:00:45.053+0000 INFO  [o.n.k.i.DiagnosticsManager]: Max   memory: 1.78 GB
2015-08-20 02:00:45.055+0000 INFO  [o.n.k.i.DiagnosticsManager]: Garbage Collector: PS Scavenge: [PS Eden Space, PS Survivor Space]
2015-08-20 02:00:45.055+0000 INFO  [o.n.k.i.DiagnosticsManager]: Garbage Collector: PS MarkSweep: [PS Eden Space, PS Survivor Space, PS Old Gen]
2015-08-20 02:00:45.057+0000 INFO  [o.n.k.i.DiagnosticsManager]: Memory Pool: Code Cache (Non-heap memory): committed=21.75 MB, used=21.16 MB, max=240.00 MB, threshold=0.00 B
2015-08-20 02:00:45.058+0000 INFO  [o.n.k.i.DiagnosticsManager]: Memory Pool: Metaspace (Non-heap memory): committed=58.65 MB, used=57.44 MB, max=-1.00 B, threshold=0.00 B
2015-08-20 02:00:45.059+0000 INFO  [o.n.k.i.DiagnosticsManager]: Memory Pool: Compressed Class Space (Non-heap memory): committed=7.54 MB, used=7.33 MB, max=1.00 GB, threshold=0.00 B
2015-08-20 02:00:45.059+0000 INFO  [o.n.k.i.DiagnosticsManager]: Memory Pool: PS Eden Space (Heap memory): committed=323.50 MB, used=10.26 MB, max=609.00 MB, threshold=?
2015-08-20 02:00:45.060+0000 INFO  [o.n.k.i.DiagnosticsManager]: Memory Pool: PS Survivor Space (Heap memory): committed=37.00 MB, used=0.00 B, max=37.00 MB, threshold=?
2015-08-20 02:00:45.061+0000 INFO  [o.n.k.i.DiagnosticsManager]: Memory Pool: PS Old Gen (Heap memory): committed=195.00 MB, used=58.98 MB, max=1.33 GB, threshold=0.00 B
2015-08-20 02:00:45.061+0000 INFO  [o.n.k.i.DiagnosticsManager]: Operating system information:
2015-08-20 02:00:45.063+0000 INFO  [o.n.k.i.DiagnosticsManager]: Operating System: Mac OS X; version: 10.10.4; arch: x86_64; cpus: 4
2015-08-20 02:00:45.065+0000 INFO  [o.n.k.i.DiagnosticsManager]: Max number of file descriptors: 10240
2015-08-20 02:00:45.067+0000 INFO  [o.n.k.i.DiagnosticsManager]: Number of open file descriptors: 266
2015-08-20 02:00:45.067+0000 INFO  [o.n.k.i.DiagnosticsManager]: Process id: 1433@Kennys-MacBook.local
2015-08-20 02:00:45.067+0000 INFO  [o.n.k.i.DiagnosticsManager]: Byte order: LITTLE_ENDIAN
2015-08-20 02:00:45.067+0000 INFO  [o.n.k.i.DiagnosticsManager]: Local timezone: America/Los_Angeles
2015-08-20 02:00:45.067+0000 INFO  [o.n.k.i.DiagnosticsManager]: JVM information:
2015-08-20 02:00:45.068+0000 INFO  [o.n.k.i.DiagnosticsManager]: VM Name: Java HotSpot(TM) 64-Bit Server VM
2015-08-20 02:00:45.068+0000 INFO  [o.n.k.i.DiagnosticsManager]: VM Vendor: Oracle Corporation
2015-08-20 02:00:45.068+0000 INFO  [o.n.k.i.DiagnosticsManager]: VM Version: 25.51-b03
2015-08-20 02:00:45.068+0000 INFO  [o.n.k.i.DiagnosticsManager]: JIT compiler: HotSpot 64-Bit Tiered Compilers
2015-08-20 02:00:45.070+0000 INFO  [o.n.k.i.DiagnosticsManager]: VM Arguments: [-Dclassworlds.conf=/usr/local/share/apache-maven-3.3.3/bin/m2.conf, -Dmaven.home=/usr/local/share/apache-maven-3.3.3, -Dmaven.multiModuleProjectDirectory=/Users/kennybastani/Documents/GitHub/spring-cloud-microservice-example/user-microservice]
2015-08-20 02:00:45.070+0000 INFO  [o.n.k.i.DiagnosticsManager]: Java classpath:
2015-08-20 02:00:45.085+0000 INFO  [o.n.k.i.DiagnosticsManager]:  [loader.2] file:/Library/Java/JavaVirtualMachines/jdk1.8.0_51.jdk/Contents/Home/jre/lib/ext/nashorn.jar
2015-08-20 02:00:45.085+0000 INFO  [o.n.k.i.DiagnosticsManager]:  [bootstrap] /Library/Java/JavaVirtualMachines/jdk1.8.0_51.jdk/Contents/Home/jre/lib/resources.jar
2015-08-20 02:00:45.085+0000 INFO  [o.n.k.i.DiagnosticsManager]:  [classpath + loader.1] file:/usr/local/share/apache-maven-3.3.3/boot/plexus-classworlds-2.5.2.jar
2015-08-20 02:00:45.085+0000 INFO  [o.n.k.i.DiagnosticsManager]:  [loader.0] file:/Users/kennybastani/.m2/repository/com/netflix/netflix-commons/netflix-commons-util/0.1.1/netflix-commons-util-0.1.1.jar
2015-08-20 02:00:45.085+0000 INFO  [o.n.k.i.DiagnosticsManager]:  [loader.0] file:/Users/kennybastani/.m2/repository/org/apache/httpcomponents/httpclient/4.5/httpclient-4.5.jar
2015-08-20 02:00:45.085+0000 INFO  [o.n.k.i.DiagnosticsManager]:  [loader.0] file:/Users/kennybastani/.m2/repository/io/netty/netty-buffer/4.0.25.Final/netty-buffer-4.0.25.Final.jar
2015-08-20 02:00:45.085+0000 INFO  [o.n.k.i.DiagnosticsManager]:  [loader.0] file:/Users/kennybastani/.m2/repository/org/slf4j/log4j-over-slf4j/1.7.12/log4j-over-slf4j-1.7.12.jar
2015-08-20 02:00:45.085+0000 INFO  [o.n.k.i.DiagnosticsManager]:  [loader.0] file:/Users/kennybastani/.m2/repository/org/neo4j/neo4j-lucene-index/2.1.8/neo4j-lucene-index-2.1.8.jar
2015-08-20 02:00:45.085+0000 INFO  [o.n.k.i.DiagnosticsManager]:  [loader.0] file:/Users/kennybastani/.m2/repository/org/springframework/cloud/spring-cloud-starter-eureka/1.1.0.BUILD-SNAPSHOT/spring-cloud-starter-eureka-1.1.0.BUILD-SNAPSHOT.jar
2015-08-20 02:00:45.085+0000 INFO  [o.n.k.i.DiagnosticsManager]:  [loader.0] file:/Users/kennybastani/.m2/repository/com/netflix/ribbon/ribbon-eureka/2.1.0/ribbon-eureka-2.1.0.jar
2015-08-20 02:00:45.085+0000 INFO  [o.n.k.i.DiagnosticsManager]:  [loader.0] file:/Users/kennybastani/.m2/repository/com/netflix/hystrix/hystrix-metrics-event-stream/1.4.13/hystrix-metrics-event-stream-1.4.13.jar
2015-08-20 02:00:45.086+0000 INFO  [o.n.k.i.DiagnosticsManager]:  [loader.0] file:/Users/kennybastani/.m2/repository/com/google/guava/guava/18.0/guava-18.0.jar
2015-08-20 02:00:45.086+0000 INFO  [o.n.k.i.DiagnosticsManager]:  [loader.0] file:/Users/kennybastani/.m2/repository/com/netflix/eureka/eureka-client/1.2.0/eureka-client-1.2.0.jar
2015-08-20 02:00:45.086+0000 INFO  [o.n.k.i.DiagnosticsManager]:  [loader.0] file:/Users/kennybastani/.m2/repository/org/springframework/spring-aop/4.2.1.BUILD-SNAPSHOT/spring-aop-4.2.1.BUILD-SNAPSHOT.jar
2015-08-20 02:00:45.086+0000 INFO  [o.n.k.i.DiagnosticsManager]:  [loader.0] file:/Users/kennybastani/.m2/repository/org/springframework/boot/spring-boot-starter-logging/1.3.0.BUILD-SNAPSHOT/spring-boot-starter-logging-1.3.0.BUILD-SNAPSHOT.jar
2015-08-20 02:00:45.087+0000 INFO  [o.n.k.i.DiagnosticsManager]:  [loader.0] file:/Users/kennybastani/.m2/repository/com/netflix/netflix-commons/netflix-eventbus/0.1.2/netflix-eventbus-0.1.2.jar
2015-08-20 02:00:45.087+0000 INFO  [o.n.k.i.DiagnosticsManager]:  [loader.0] file:/Users/kennybastani/.m2/repository/org/neo4j/neo4j-cypher-compiler-1.9/2.0.3/neo4j-cypher-compiler-1.9-2.0.3.jar
2015-08-20 02:00:45.087+0000 INFO  [o.n.k.i.DiagnosticsManager]:  [loader.0] file:/Users/kennybastani/.m2/repository/org/jboss/logging/jboss-logging/3.2.1.Final/jboss-logging-3.2.1.Final.jar
2015-08-20 02:00:45.087+0000 INFO  [o.n.k.i.DiagnosticsManager]:  [loader.0] file:/Users/kennybastani/.m2/repository/org/apache/tomcat/embed/tomcat-embed-websocket/8.0.23/tomcat-embed-websocket-8.0.23.jar
2015-08-20 02:00:45.087+0000 INFO  [o.n.k.i.DiagnosticsManager]:  [loader.0] file:/Users/kennybastani/.m2/repository/net/sf/opencsv/opencsv/2.3/opencsv-2.3.jar
2015-08-20 02:00:45.087+0000 INFO  [o.n.k.i.DiagnosticsManager]:  [loader.0] file:/Users/kennybastani/Documents/GitHub/spring-cloud-microservice-example/user-microservice/target/classes/
2015-08-20 02:00:45.087+0000 INFO  [o.n.k.i.DiagnosticsManager]:  [loader.0] file:/Users/kennybastani/.m2/repository/org/springframework/boot/spring-boot-starter/1.3.0.BUILD-SNAPSHOT/spring-boot-starter-1.3.0.BUILD-SNAPSHOT.jar
2015-08-20 02:00:45.087+0000 INFO  [o.n.k.i.DiagnosticsManager]:  [loader.0] file:/Users/kennybastani/.m2/repository/xpp3/xpp3_min/1.1.4c/xpp3_min-1.1.4c.jar
2015-08-20 02:00:45.087+0000 INFO  [o.n.k.i.DiagnosticsManager]:  [loader.0] file:/Users/kennybastani/.m2/repository/org/springframework/boot/spring-boot-starter-validation/1.3.0.BUILD-SNAPSHOT/spring-boot-starter-validation-1.3.0.BUILD-SNAPSHOT.jar
2015-08-20 02:00:45.087+0000 INFO  [o.n.k.i.DiagnosticsManager]:  [loader.2] file:/Library/Java/JavaVirtualMachines/jdk1.8.0_51.jdk/Contents/Home/jre/lib/ext/cldrdata.jar
2015-08-20 02:00:45.087+0000 INFO  [o.n.k.i.DiagnosticsManager]:  [loader.0] file:/Users/kennybastani/Documents/GitHub/spring-cloud-microservice-example/user-microservice/src/main/resources/
2015-08-20 02:00:45.087+0000 INFO  [o.n.k.i.DiagnosticsManager]:  [loader.0] file:/Users/kennybastani/.m2/repository/org/springframework/boot/spring-boot-starter-tomcat/1.3.0.BUILD-SNAPSHOT/spring-boot-starter-tomcat-1.3.0.BUILD-SNAPSHOT.jar
2015-08-20 02:00:45.088+0000 INFO  [o.n.k.i.DiagnosticsManager]:  [loader.0] file:/Users/kennybastani/.m2/repository/com/googlecode/concurrentlinkedhashmap/concurrentlinkedhashmap-lru/1.3.1/concurrentlinkedhashmap-lru-1.3.1.jar
2015-08-20 02:00:45.088+0000 INFO  [o.n.k.i.DiagnosticsManager]:  [loader.0] file:/Users/kennybastani/.m2/repository/org/hibernate/hibernate-validator/5.2.1.Final/hibernate-validator-5.2.1.Final.jar
2015-08-20 02:00:45.088+0000 INFO  [o.n.k.i.DiagnosticsManager]:  [loader.0] file:/Users/kennybastani/.m2/repository/org/neo4j/neo4j-jmx/2.1.8/neo4j-jmx-2.1.8.jar
2015-08-20 02:00:45.088+0000 INFO  [o.n.k.i.DiagnosticsManager]:  [loader.0] file:/Users/kennybastani/.m2/repository/org/springframework/cloud/spring-cloud-starter-zuul/1.1.0.BUILD-SNAPSHOT/spring-cloud-starter-zuul-1.1.0.BUILD-SNAPSHOT.jar
2015-08-20 02:00:45.088+0000 INFO  [o.n.k.i.DiagnosticsManager]:  [loader.0] file:/Users/kennybastani/.m2/repository/org/aspectj/aspectjrt/1.8.6/aspectjrt-1.8.6.jar
2015-08-20 02:00:45.089+0000 INFO  [o.n.k.i.DiagnosticsManager]:  [loader.0] file:/Users/kennybastani/.m2/repository/com/fasterxml/jackson/core/jackson-annotations/2.6.1/jackson-annotations-2.6.1.jar
2015-08-20 02:00:45.089+0000 INFO  [o.n.k.i.DiagnosticsManager]:  [loader.0] file:/Users/kennybastani/.m2/repository/org/springframework/plugin/spring-plugin-core/1.2.0.RELEASE/spring-plugin-core-1.2.0.RELEASE.jar
2015-08-20 02:00:45.089+0000 INFO  [o.n.k.i.DiagnosticsManager]:  [loader.0] file:/Users/kennybastani/.m2/repository/com/netflix/netflix-commons/netflix-statistics/0.1.1/netflix-statistics-0.1.1.jar
2015-08-20 02:00:45.089+0000 INFO  [o.n.k.i.DiagnosticsManager]:  [loader.0] file:/Users/kennybastani/.m2/repository/com/github/fge/jackson-coreutils/1.6/jackson-coreutils-1.6.jar
2015-08-20 02:00:45.089+0000 INFO  [o.n.k.i.DiagnosticsManager]:  [loader.0] file:/Users/kennybastani/.m2/repository/org/neo4j/neo4j-cypher-compiler-2.1/2.1.8/neo4j-cypher-compiler-2.1-2.1.8.jar
2015-08-20 02:00:45.089+0000 INFO  [o.n.k.i.DiagnosticsManager]:  [loader.0] file:/Users/kennybastani/.m2/repository/org/neo4j/neo4j/2.1.8/neo4j-2.1.8.jar
2015-08-20 02:00:45.090+0000 INFO  [o.n.k.i.DiagnosticsManager]:  [loader.0] file:/Users/kennybastani/.m2/repository/com/netflix/servo/servo-core/0.7.2/servo-core-0.7.2.jar
2015-08-20 02:00:45.090+0000 INFO  [o.n.k.i.DiagnosticsManager]:  [loader.0] file:/Users/kennybastani/.m2/repository/com/fasterxml/jackson/core/jackson-databind/2.6.1/jackson-databind-2.6.1.jar
2015-08-20 02:00:45.090+0000 INFO  [o.n.k.i.DiagnosticsManager]:  [loader.0] file:/Users/kennybastani/.m2/repository/org/springframework/cloud/spring-cloud-starter/1.1.0.BUILD-SNAPSHOT/spring-cloud-starter-1.1.0.BUILD-SNAPSHOT.jar
2015-08-20 02:00:45.090+0000 INFO  [o.n.k.i.DiagnosticsManager]:  [loader.0] file:/Users/kennybastani/.m2/repository/org/apache/commons/commons-lang3/3.1/commons-lang3-3.1.jar
2015-08-20 02:00:45.090+0000 INFO  [o.n.k.i.DiagnosticsManager]:  [loader.0] file:/Users/kennybastani/.m2/repository/com/github/fge/btf/1.2/btf-1.2.jar
2015-08-20 02:00:45.090+0000 INFO  [o.n.k.i.DiagnosticsManager]:  [loader.0] file:/Users/kennybastani/.m2/repository/javax/ws/rs/jsr311-api/1.1.1/jsr311-api-1.1.1.jar
2015-08-20 02:00:45.090+0000 INFO  [o.n.k.i.DiagnosticsManager]:  [loader.0] file:/Users/kennybastani/.m2/repository/com/netflix/ribbon/ribbon-loadbalancer/2.1.0/ribbon-loadbalancer-2.1.0.jar
2015-08-20 02:00:45.090+0000 INFO  [o.n.k.i.DiagnosticsManager]:  [loader.0] file:/Users/kennybastani/.m2/repository/io/reactivex/rxnetty/0.4.9/rxnetty-0.4.9.jar
2015-08-20 02:00:45.090+0000 INFO  [o.n.k.i.DiagnosticsManager]:  [loader.0] file:/Users/kennybastani/.m2/repository/org/springframework/cloud/spring-cloud-context/1.1.0.BUILD-SNAPSHOT/spring-cloud-context-1.1.0.BUILD-SNAPSHOT.jar
2015-08-20 02:00:45.090+0000 INFO  [o.n.k.i.DiagnosticsManager]:  [loader.2] file:/Library/Java/JavaVirtualMachines/jdk1.8.0_51.jdk/Contents/Home/jre/lib/ext/sunec.jar
2015-08-20 02:00:45.090+0000 INFO  [o.n.k.i.DiagnosticsManager]:  [loader.0] file:/Users/kennybastani/.m2/repository/commons-logging/commons-logging/1.1.1/commons-logging-1.1.1.jar
2015-08-20 02:00:45.090+0000 INFO  [o.n.k.i.DiagnosticsManager]:  [loader.0] file:/Users/kennybastani/.m2/repository/io/reactivex/rxnetty-contexts/0.4.9/rxnetty-contexts-0.4.9.jar
2015-08-20 02:00:45.090+0000 INFO  [o.n.k.i.DiagnosticsManager]:  [loader.0] file:/Users/kennybastani/.m2/repository/org/slf4j/jcl-over-slf4j/1.7.12/jcl-over-slf4j-1.7.12.jar
2015-08-20 02:00:45.090+0000 INFO  [o.n.k.i.DiagnosticsManager]:  [loader.0] file:/Users/kennybastani/.m2/repository/org/scala-lang/scala-library/2.10.4/scala-library-2.10.4.jar
2015-08-20 02:00:45.090+0000 INFO  [o.n.k.i.DiagnosticsManager]:  [loader.0] file:/Users/kennybastani/.m2/repository/org/neo4j/neo4j-graph-matching/2.1.8/neo4j-graph-matching-2.1.8.jar
2015-08-20 02:00:45.090+0000 INFO  [o.n.k.i.DiagnosticsManager]:  [loader.0] file:/Users/kennybastani/.m2/repository/commons-collections/commons-collections/3.2.1/commons-collections-3.2.1.jar
2015-08-20 02:00:45.091+0000 INFO  [o.n.k.i.DiagnosticsManager]:  [loader.0] file:/Users/kennybastani/.m2/repository/xmlpull/xmlpull/1.1.3.1/xmlpull-1.1.3.1.jar
2015-08-20 02:00:45.091+0000 INFO  [o.n.k.i.DiagnosticsManager]:  [loader.0] file:/Users/kennybastani/.m2/repository/com/github/fge/msg-simple/1.1/msg-simple-1.1.jar
2015-08-20 02:00:45.091+0000 INFO  [o.n.k.i.DiagnosticsManager]:  [loader.0] file:/Users/kennybastani/.m2/repository/org/springframework/data/spring-data-commons/1.11.0.RC1/spring-data-commons-1.11.0.RC1.jar
2015-08-20 02:00:45.091+0000 INFO  [o.n.k.i.DiagnosticsManager]:  [loader.0] file:/Users/kennybastani/.m2/repository/commons-configuration/commons-configuration/1.8/commons-configuration-1.8.jar
2015-08-20 02:00:45.091+0000 INFO  [o.n.k.i.DiagnosticsManager]:  [loader.0] file:/Users/kennybastani/.m2/repository/com/fasterxml/jackson/core/jackson-core/2.6.1/jackson-core-2.6.1.jar
2015-08-20 02:00:45.091+0000 INFO  [o.n.k.i.DiagnosticsManager]:  [loader.0] file:/Users/kennybastani/.m2/repository/org/springframework/cloud/spring-cloud-commons/1.1.0.BUILD-SNAPSHOT/spring-cloud-commons-1.1.0.BUILD-SNAPSHOT.jar
2015-08-20 02:00:45.091+0000 INFO  [o.n.k.i.DiagnosticsManager]:  [loader.0] file:/Users/kennybastani/.m2/repository/com/netflix/ribbon/ribbon-httpclient/2.1.0/ribbon-httpclient-2.1.0.jar
2015-08-20 02:00:45.091+0000 INFO  [o.n.k.i.DiagnosticsManager]:  [loader.0] file:/Users/kennybastani/.m2/repository/aopalliance/aopalliance/1.0/aopalliance-1.0.jar
2015-08-20 02:00:45.091+0000 INFO  [o.n.k.i.DiagnosticsManager]:  [loader.0] file:/Users/kennybastani/.m2/repository/com/sun/jersey/contribs/jersey-apache-client4/1.11/jersey-apache-client4-1.11.jar
2015-08-20 02:00:45.091+0000 INFO  [o.n.k.i.DiagnosticsManager]:  [loader.0] file:/Users/kennybastani/.m2/repository/org/aspectj/aspectjweaver/1.8.6/aspectjweaver-1.8.6.jar
2015-08-20 02:00:45.091+0000 INFO  [o.n.k.i.DiagnosticsManager]:  [loader.0] file:/Users/kennybastani/.m2/repository/com/google/code/findbugs/jsr305/2.0.1/jsr305-2.0.1.jar
2015-08-20 02:00:45.091+0000 INFO  [o.n.k.i.DiagnosticsManager]:  [loader.0] file:/Users/kennybastani/.m2/repository/com/netflix/ribbon/ribbon/2.1.0/ribbon-2.1.0.jar
2015-08-20 02:00:45.091+0000 INFO  [o.n.k.i.DiagnosticsManager]:  [loader.0] file:/Users/kennybastani/.m2/repository/org/springframework/data/spring-data-rest-webmvc/2.4.0.RC1/spring-data-rest-webmvc-2.4.0.RC1.jar
2015-08-20 02:00:45.091+0000 INFO  [o.n.k.i.DiagnosticsManager]:  [loader.0] file:/Users/kennybastani/.m2/repository/org/atteo/evo-inflector/1.2.1/evo-inflector-1.2.1.jar
2015-08-20 02:00:45.091+0000 INFO  [o.n.k.i.DiagnosticsManager]:  [loader.0] file:/Users/kennybastani/.m2/repository/commons-io/commons-io/2.4/commons-io-2.4.jar
2015-08-20 02:00:45.091+0000 INFO  [o.n.k.i.DiagnosticsManager]:  [loader.0] file:/Users/kennybastani/.m2/repository/com/fasterxml/classmate/1.1.0/classmate-1.1.0.jar
2015-08-20 02:00:45.091+0000 INFO  [o.n.k.i.DiagnosticsManager]:  [loader.0] file:/Users/kennybastani/.m2/repository/org/apache/lucene/lucene-core/3.6.2/lucene-core-3.6.2.jar
2015-08-20 02:00:45.091+0000 INFO  [o.n.k.i.DiagnosticsManager]:  [bootstrap] /Library/Java/JavaVirtualMachines/jdk1.8.0_51.jdk/Contents/Home/jre/lib/sunrsasign.jar
2015-08-20 02:00:45.091+0000 INFO  [o.n.k.i.DiagnosticsManager]:  [loader.0] file:/Users/kennybastani/.m2/repository/com/thoughtworks/xstream/xstream/1.4.2/xstream-1.4.2.jar
2015-08-20 02:00:45.091+0000 INFO  [o.n.k.i.DiagnosticsManager]:  [loader.0] file:/Users/kennybastani/.m2/repository/org/springframework/data/spring-data-rest-hal-browser/2.4.0.RC1/spring-data-rest-hal-browser-2.4.0.RC1.jar
2015-08-20 02:00:45.091+0000 INFO  [o.n.k.i.DiagnosticsManager]:  [loader.0] file:/Users/kennybastani/.m2/repository/org/springframework/boot/spring-boot/1.3.0.BUILD-SNAPSHOT/spring-boot-1.3.0.BUILD-SNAPSHOT.jar
2015-08-20 02:00:45.092+0000 INFO  [o.n.k.i.DiagnosticsManager]:  [loader.0] file:/Users/kennybastani/.m2/repository/joda-time/joda-time/2.8.1/joda-time-2.8.1.jar
2015-08-20 02:00:45.092+0000 INFO  [o.n.k.i.DiagnosticsManager]:  [loader.0] file:/Users/kennybastani/.m2/repository/org/slf4j/slf4j-api/1.7.12/slf4j-api-1.7.12.jar
2015-08-20 02:00:45.092+0000 INFO  [o.n.k.i.DiagnosticsManager]:  [loader.0] file:/Users/kennybastani/.m2/repository/org/slf4j/jul-to-slf4j/1.7.12/jul-to-slf4j-1.7.12.jar
2015-08-20 02:00:45.092+0000 INFO  [o.n.k.i.DiagnosticsManager]:  [loader.0] file:/Users/kennybastani/.m2/repository/com/netflix/ribbon/ribbon-transport/2.1.0/ribbon-transport-2.1.0.jar
2015-08-20 02:00:45.092+0000 INFO  [o.n.k.i.DiagnosticsManager]:  [loader.0] file:/Users/kennybastani/.m2/repository/org/neo4j/neo4j-cypher-commons/2.1.8/neo4j-cypher-commons-2.1.8.jar
2015-08-20 02:00:45.092+0000 INFO  [o.n.k.i.DiagnosticsManager]:  [loader.0] file:/Users/kennybastani/.m2/repository/org/neo4j/neo4j-graph-algo/2.1.8/neo4j-graph-algo-2.1.8.jar
2015-08-20 02:00:45.092+0000 INFO  [o.n.k.i.DiagnosticsManager]:  [loader.0] file:/Users/kennybastani/.m2/repository/io/netty/netty-codec-http/4.0.25.Final/netty-codec-http-4.0.25.Final.jar
2015-08-20 02:00:45.092+0000 INFO  [o.n.k.i.DiagnosticsManager]:  [loader.0] file:/Users/kennybastani/.m2/repository/org/yaml/snakeyaml/1.15/snakeyaml-1.15.jar
2015-08-20 02:00:45.092+0000 INFO  [o.n.k.i.DiagnosticsManager]:  [loader.0] file:/Users/kennybastani/.m2/repository/org/springframework/boot/spring-boot-autoconfigure/1.3.0.BUILD-SNAPSHOT/spring-boot-autoconfigure-1.3.0.BUILD-SNAPSHOT.jar
2015-08-20 02:00:45.092+0000 INFO  [o.n.k.i.DiagnosticsManager]:  [loader.0] file:/Users/kennybastani/.m2/repository/ch/qos/logback/logback-classic/1.1.3/logback-classic-1.1.3.jar
2015-08-20 02:00:45.092+0000 INFO  [o.n.k.i.DiagnosticsManager]:  [loader.0] file:/Users/kennybastani/.m2/repository/org/neo4j/neo4j-udc/2.1.8/neo4j-udc-2.1.8.jar
2015-08-20 02:00:45.092+0000 INFO  [o.n.k.i.DiagnosticsManager]:  [loader.0] file:/Users/kennybastani/.m2/repository/org/springframework/spring-webmvc/4.2.1.BUILD-SNAPSHOT/spring-webmvc-4.2.1.BUILD-SNAPSHOT.jar
2015-08-20 02:00:45.092+0000 INFO  [o.n.k.i.DiagnosticsManager]:  [loader.0] file:/Users/kennybastani/.m2/repository/com/netflix/hystrix/hystrix-core/1.4.13/hystrix-core-1.4.13.jar
2015-08-20 02:00:45.092+0000 INFO  [o.n.k.i.DiagnosticsManager]:  [loader.0] file:/Users/kennybastani/.m2/repository/org/apache/geronimo/specs/geronimo-jta_1.1_spec/1.1.1/geronimo-jta_1.1_spec-1.1.1.jar
2015-08-20 02:00:45.092+0000 INFO  [o.n.k.i.DiagnosticsManager]:  [loader.0] file:/Users/kennybastani/.m2/repository/org/neo4j/neo4j-cypher-compiler-2.0/2.0.3/neo4j-cypher-compiler-2.0-2.0.3.jar
2015-08-20 02:00:45.092+0000 INFO  [o.n.k.i.DiagnosticsManager]:  [loader.0] file:/Users/kennybastani/.m2/repository/org/springframework/data/spring-data-rest-core/2.4.0.RC1/spring-data-rest-core-2.4.0.RC1.jar
2015-08-20 02:00:45.092+0000 INFO  [o.n.k.i.DiagnosticsManager]:  [loader.0] file:/Users/kennybastani/.m2/repository/io/reactivex/rxjava/1.0.11/rxjava-1.0.11.jar
2015-08-20 02:00:45.092+0000 INFO  [o.n.k.i.DiagnosticsManager]:  [loader.0] file:/Users/kennybastani/.m2/repository/stax/stax-api/1.0.1/stax-api-1.0.1.jar
2015-08-20 02:00:45.092+0000 INFO  [o.n.k.i.DiagnosticsManager]:  [loader.0] file:/Users/kennybastani/.m2/repository/org/springframework/spring-tx/4.2.1.BUILD-SNAPSHOT/spring-tx-4.2.1.BUILD-SNAPSHOT.jar
2015-08-20 02:00:45.093+0000 INFO  [o.n.k.i.DiagnosticsManager]:  [bootstrap] /Library/Java/JavaVirtualMachines/jdk1.8.0_51.jdk/Contents/Home/jre/classes
2015-08-20 02:00:45.093+0000 INFO  [o.n.k.i.DiagnosticsManager]:  [loader.0] file:/Users/kennybastani/.m2/repository/org/springframework/spring-context/4.2.1.BUILD-SNAPSHOT/spring-context-4.2.1.BUILD-SNAPSHOT.jar
2015-08-20 02:00:45.093+0000 INFO  [o.n.k.i.DiagnosticsManager]:  [loader.0] file:/Users/kennybastani/.m2/repository/io/netty/netty/3.5.5.Final/netty-3.5.5.Final.jar
2015-08-20 02:00:45.093+0000 INFO  [o.n.k.i.DiagnosticsManager]:  [loader.0] file:/Users/kennybastani/.m2/repository/com/netflix/hystrix/hystrix-javanica/1.4.13/hystrix-javanica-1.4.13.jar
2015-08-20 02:00:45.093+0000 INFO  [o.n.k.i.DiagnosticsManager]:  [loader.0] file:/Users/kennybastani/.m2/repository/commons-codec/commons-codec/1.5/commons-codec-1.5.jar
2015-08-20 02:00:45.093+0000 INFO  [o.n.k.i.DiagnosticsManager]:  [loader.0] file:/Users/kennybastani/.m2/repository/javax/validation/validation-api/1.1.0.Final/validation-api-1.1.0.Final.jar
2015-08-20 02:00:45.093+0000 INFO  [o.n.k.i.DiagnosticsManager]:  [loader.0] file:/Users/kennybastani/.m2/repository/org/parboiled/parboiled-core/1.1.6/parboiled-core-1.1.6.jar
2015-08-20 02:00:45.093+0000 INFO  [o.n.k.i.DiagnosticsManager]:  [loader.0] file:/Users/kennybastani/.m2/repository/ch/qos/logback/logback-core/1.1.3/logback-core-1.1.3.jar
2015-08-20 02:00:45.093+0000 INFO  [o.n.k.i.DiagnosticsManager]:  [loader.0] file:/Users/kennybastani/.m2/repository/org/neo4j/neo4j-cypher-dsl/2.0.1/neo4j-cypher-dsl-2.0.1.jar
2015-08-20 02:00:45.093+0000 INFO  [o.n.k.i.DiagnosticsManager]:  [loader.2] file:/Library/Java/JavaVirtualMachines/jdk1.8.0_51.jdk/Contents/Home/jre/lib/ext/sunjce_provider.jar
2015-08-20 02:00:45.093+0000 INFO  [o.n.k.i.DiagnosticsManager]:  [loader.0] file:/Users/kennybastani/.m2/repository/org/springframework/spring-beans/4.2.1.BUILD-SNAPSHOT/spring-beans-4.2.1.BUILD-SNAPSHOT.jar
2015-08-20 02:00:45.093+0000 INFO  [o.n.k.i.DiagnosticsManager]:  [loader.2] file:/Library/Java/JavaVirtualMachines/jdk1.8.0_51.jdk/Contents/Home/jre/lib/ext/localedata.jar
2015-08-20 02:00:45.093+0000 INFO  [o.n.k.i.DiagnosticsManager]:  [bootstrap] /Library/Java/JavaVirtualMachines/jdk1.8.0_51.jdk/Contents/Home/jre/lib/charsets.jar
2015-08-20 02:00:45.094+0000 INFO  [o.n.k.i.DiagnosticsManager]:  [loader.0] file:/Users/kennybastani/.m2/repository/org/parboiled/parboiled-scala_2.10/1.1.6/parboiled-scala_2.10-1.1.6.jar
2015-08-20 02:00:45.094+0000 INFO  [o.n.k.i.DiagnosticsManager]:  [loader.0] file:/Users/kennybastani/.m2/repository/org/springframework/hateoas/spring-hateoas/0.18.0.RELEASE/spring-hateoas-0.18.0.RELEASE.jar
2015-08-20 02:00:45.094+0000 INFO  [o.n.k.i.DiagnosticsManager]:  [loader.0] file:/Users/kennybastani/.m2/repository/com/sun/jersey/jersey-core/1.13/jersey-core-1.13.jar
2015-08-20 02:00:45.094+0000 INFO  [o.n.k.i.DiagnosticsManager]:  [loader.0] file:/Users/kennybastani/.m2/repository/org/springframework/spring-web/4.2.1.BUILD-SNAPSHOT/spring-web-4.2.1.BUILD-SNAPSHOT.jar
2015-08-20 02:00:45.094+0000 INFO  [o.n.k.i.DiagnosticsManager]:  [loader.0] file:/Users/kennybastani/.m2/repository/io/reactivex/rxnetty-servo/0.4.9/rxnetty-servo-0.4.9.jar
2015-08-20 02:00:45.094+0000 INFO  [o.n.k.i.DiagnosticsManager]:  [loader.0] file:/Users/kennybastani/.m2/repository/org/springframework/boot/spring-boot-starter-actuator/1.3.0.BUILD-SNAPSHOT/spring-boot-starter-actuator-1.3.0.BUILD-SNAPSHOT.jar
2015-08-20 02:00:45.094+0000 INFO  [o.n.k.i.DiagnosticsManager]:  [loader.0] file:/Users/kennybastani/.m2/repository/io/netty/netty-handler/4.0.25.Final/netty-handler-4.0.25.Final.jar
2015-08-20 02:00:45.094+0000 INFO  [o.n.k.i.DiagnosticsManager]:  [loader.0] file:/Users/kennybastani/.m2/repository/org/springframework/cloud/spring-cloud-starter-hystrix/1.1.0.BUILD-SNAPSHOT/spring-cloud-starter-hystrix-1.1.0.BUILD-SNAPSHOT.jar
2015-08-20 02:00:45.094+0000 INFO  [o.n.k.i.DiagnosticsManager]:  [loader.0] file:/Users/kennybastani/.m2/repository/org/codehaus/jettison/jettison/1.1/jettison-1.1.jar
2015-08-20 02:00:45.094+0000 INFO  [o.n.k.i.DiagnosticsManager]:  [loader.0] file:/Users/kennybastani/.m2/repository/com/github/fge/json-patch/1.7/json-patch-1.7.jar
2015-08-20 02:00:45.094+0000 INFO  [o.n.k.i.DiagnosticsManager]:  [loader.0] file:/Users/kennybastani/.m2/repository/javax/transaction/javax.transaction-api/1.2/javax.transaction-api-1.2.jar
2015-08-20 02:00:45.094+0000 INFO  [o.n.k.i.DiagnosticsManager]:  [loader.2] file:/Library/Java/JavaVirtualMachines/jdk1.8.0_51.jdk/Contents/Home/jre/lib/ext/jfxrt.jar
2015-08-20 02:00:45.094+0000 INFO  [o.n.k.i.DiagnosticsManager]:  [loader.0] file:/Users/kennybastani/.m2/repository/org/apache/tomcat/embed/tomcat-embed-core/8.0.23/tomcat-embed-core-8.0.23.jar
2015-08-20 02:00:45.094+0000 INFO  [o.n.k.i.DiagnosticsManager]:  [loader.0] file:/Users/kennybastani/.m2/repository/org/springframework/boot/spring-boot-starter-web/1.3.0.BUILD-SNAPSHOT/spring-boot-starter-web-1.3.0.BUILD-SNAPSHOT.jar
2015-08-20 02:00:45.094+0000 INFO  [o.n.k.i.DiagnosticsManager]:  [loader.0] file:/Users/kennybastani/.m2/repository/org/neo4j/neo4j-cypher/2.1.8/neo4j-cypher-2.1.8.jar
2015-08-20 02:00:45.094+0000 INFO  [o.n.k.i.DiagnosticsManager]:  [loader.0] file:/Users/kennybastani/.m2/repository/com/netflix/eureka/eureka2-client-shaded/2.0.0-rc.2/eureka2-client-shaded-2.0.0-rc.2.jar
2015-08-20 02:00:45.094+0000 INFO  [o.n.k.i.DiagnosticsManager]:  [loader.0] file:/Users/kennybastani/.m2/repository/org/apache/tomcat/embed/tomcat-embed-logging-juli/8.0.23/tomcat-embed-logging-juli-8.0.23.jar
2015-08-20 02:00:45.094+0000 INFO  [o.n.k.i.DiagnosticsManager]:  [loader.0] file:/Users/kennybastani/.m2/repository/commons-lang/commons-lang/2.5/commons-lang-2.5.jar
2015-08-20 02:00:45.094+0000 INFO  [o.n.k.i.DiagnosticsManager]:  [loader.0] file:/Users/kennybastani/.m2/repository/org/springframework/boot/spring-boot-actuator/1.3.0.BUILD-SNAPSHOT/spring-boot-actuator-1.3.0.BUILD-SNAPSHOT.jar
2015-08-20 02:00:45.094+0000 INFO  [o.n.k.i.DiagnosticsManager]:  [loader.2] file:/System/Library/Java/Extensions/MRJToolkit.jar
2015-08-20 02:00:45.094+0000 INFO  [o.n.k.i.DiagnosticsManager]:  [loader.0] file:/Users/kennybastani/.m2/repository/org/springframework/spring-aspects/4.2.1.BUILD-SNAPSHOT/spring-aspects-4.2.1.BUILD-SNAPSHOT.jar
2015-08-20 02:00:45.095+0000 INFO  [o.n.k.i.DiagnosticsManager]:  [loader.0] file:/Users/kennybastani/.m2/repository/io/netty/netty-transport/4.0.25.Final/netty-transport-4.0.25.Final.jar
2015-08-20 02:00:45.095+0000 INFO  [o.n.k.i.DiagnosticsManager]:  [loader.0] file:/Users/kennybastani/.m2/repository/javax/inject/javax.inject/1/javax.inject-1.jar
2015-08-20 02:00:45.095+0000 INFO  [o.n.k.i.DiagnosticsManager]:  [loader.0] file:/Users/kennybastani/.m2/repository/org/springframework/cloud/spring-cloud-starter-ribbon/1.1.0.BUILD-SNAPSHOT/spring-cloud-starter-ribbon-1.1.0.BUILD-SNAPSHOT.jar
2015-08-20 02:00:45.095+0000 INFO  [o.n.k.i.DiagnosticsManager]:  [bootstrap] /Library/Java/JavaVirtualMachines/jdk1.8.0_51.jdk/Contents/Home/jre/lib/jsse.jar
2015-08-20 02:00:45.095+0000 INFO  [o.n.k.i.DiagnosticsManager]:  [loader.0] file:/Users/kennybastani/.m2/repository/com/couchbase/client/couchbase-client/1.4.7/couchbase-client-1.4.7.jar
2015-08-20 02:00:45.095+0000 INFO  [o.n.k.i.DiagnosticsManager]:  [loader.0] file:/Users/kennybastani/.m2/repository/com/netflix/zuul/zuul-core/1.0.28/zuul-core-1.0.28.jar
2015-08-20 02:00:45.095+0000 INFO  [o.n.k.i.DiagnosticsManager]:  [loader.0] file:/Users/kennybastani/.m2/repository/io/netty/netty-transport-native-epoll/4.0.25.Final/netty-transport-native-epoll-4.0.25.Final.jar
2015-08-20 02:00:45.095+0000 INFO  [o.n.k.i.DiagnosticsManager]:  [bootstrap] /Library/Java/JavaVirtualMachines/jdk1.8.0_51.jdk/Contents/Home/jre/lib/jce.jar
2015-08-20 02:00:45.095+0000 INFO  [o.n.k.i.DiagnosticsManager]:  [loader.0] file:/Users/kennybastani/.m2/repository/io/netty/netty-codec/4.0.25.Final/netty-codec-4.0.25.Final.jar
2015-08-20 02:00:45.095+0000 INFO  [o.n.k.i.DiagnosticsManager]:  [loader.2] file:/Library/Java/JavaVirtualMachines/jdk1.8.0_51.jdk/Contents/Home/jre/lib/ext/sunpkcs11.jar
2015-08-20 02:00:45.095+0000 INFO  [o.n.k.i.DiagnosticsManager]:  [loader.0] file:/Users/kennybastani/.m2/repository/org/springframework/spring-expression/4.2.1.BUILD-SNAPSHOT/spring-expression-4.2.1.BUILD-SNAPSHOT.jar
2015-08-20 02:00:45.095+0000 INFO  [o.n.k.i.DiagnosticsManager]:  [loader.0] file:/Users/kennybastani/.m2/repository/org/apache/httpcomponents/httpcore/4.4.1/httpcore-4.4.1.jar
2015-08-20 02:00:45.095+0000 INFO  [o.n.k.i.DiagnosticsManager]:  [loader.0] file:/Users/kennybastani/.m2/repository/org/springframework/data/spring-data-rest-distribution/2.4.0.BUILD-SNAPSHOT/spring-data-rest-distribution-2.4.0.BUILD-SNAPSHOT.pom
2015-08-20 02:00:45.095+0000 INFO  [o.n.k.i.DiagnosticsManager]:  [loader.0] file:/Users/kennybastani/.m2/repository/org/apache/tomcat/embed/tomcat-embed-el/8.0.23/tomcat-embed-el-8.0.23.jar
2015-08-20 02:00:45.095+0000 INFO  [o.n.k.i.DiagnosticsManager]:  [bootstrap] /Library/Java/JavaVirtualMachines/jdk1.8.0_51.jdk/Contents/Home/jre/lib/rt.jar
2015-08-20 02:00:45.095+0000 INFO  [o.n.k.i.DiagnosticsManager]:  [loader.0] file:/Users/kennybastani/.m2/repository/com/google/inject/guice/4.0/guice-4.0.jar
2015-08-20 02:00:45.095+0000 INFO  [o.n.k.i.DiagnosticsManager]:  [loader.0] file:/Users/kennybastani/.m2/repository/com/google/code/findbugs/annotations/2.0.0/annotations-2.0.0.jar
2015-08-20 02:00:45.095+0000 INFO  [o.n.k.i.DiagnosticsManager]:  [loader.0] file:/Users/kennybastani/.m2/repository/org/springframework/cloud/spring-cloud-netflix-core/1.1.0.BUILD-SNAPSHOT/spring-cloud-netflix-core-1.1.0.BUILD-SNAPSHOT.jar
2015-08-20 02:00:45.096+0000 INFO  [o.n.k.i.DiagnosticsManager]:  [loader.2] file:/Library/Java/JavaVirtualMachines/jdk1.8.0_51.jdk/Contents/Home/jre/lib/ext/zipfs.jar
2015-08-20 02:00:45.096+0000 INFO  [o.n.k.i.DiagnosticsManager]:  [loader.0] file:/Users/kennybastani/.m2/repository/org/springframework/security/spring-security-crypto/4.0.2.RELEASE/spring-security-crypto-4.0.2.RELEASE.jar
2015-08-20 02:00:45.096+0000 INFO  [o.n.k.i.DiagnosticsManager]:  [loader.0] file:/Users/kennybastani/.m2/repository/org/neo4j/neo4j-kernel/2.1.8/neo4j-kernel-2.1.8.jar
2015-08-20 02:00:45.096+0000 INFO  [o.n.k.i.DiagnosticsManager]:  [loader.0] file:/Users/kennybastani/.m2/repository/com/netflix/archaius/archaius-core/0.7.1/archaius-core-0.7.1.jar
2015-08-20 02:00:45.096+0000 INFO  [o.n.k.i.DiagnosticsManager]:  [loader.0] file:/Users/kennybastani/.m2/repository/org/springframework/data/spring-data-neo4j/3.4.0.RC1/spring-data-neo4j-3.4.0.RC1.jar
2015-08-20 02:00:45.096+0000 INFO  [o.n.k.i.DiagnosticsManager]:  [loader.0] file:/Users/kennybastani/.m2/repository/org/springframework/spring-core/4.2.1.BUILD-SNAPSHOT/spring-core-4.2.1.BUILD-SNAPSHOT.jar
2015-08-20 02:00:45.096+0000 INFO  [o.n.k.i.DiagnosticsManager]:  [loader.0] file:/Users/kennybastani/.m2/repository/org/springframework/data/spring-data-couchbase/1.4.0.RC1/spring-data-couchbase-1.4.0.RC1.jar
2015-08-20 02:00:45.096+0000 INFO  [o.n.k.i.DiagnosticsManager]:  [loader.2] file:/Library/Java/JavaVirtualMachines/jdk1.8.0_51.jdk/Contents/Home/jre/lib/ext/dnsns.jar
2015-08-20 02:00:45.096+0000 INFO  [o.n.k.i.DiagnosticsManager]:  [loader.0] file:/Users/kennybastani/.m2/repository/com/netflix/ribbon/ribbon-core/2.1.0/ribbon-core-2.1.0.jar
2015-08-20 02:00:45.096+0000 INFO  [o.n.k.i.DiagnosticsManager]:  [bootstrap] /Library/Java/JavaVirtualMachines/jdk1.8.0_51.jdk/Contents/Home/jre/lib/jfr.jar
2015-08-20 02:00:45.096+0000 INFO  [o.n.k.i.DiagnosticsManager]:  [loader.0] file:/Users/kennybastani/.m2/repository/org/neo4j/neo4j-primitive-collections/2.1.8/neo4j-primitive-collections-2.1.8.jar
2015-08-20 02:00:45.096+0000 INFO  [o.n.k.i.DiagnosticsManager]:  [loader.0] file:/Users/kennybastani/.m2/repository/org/springframework/spring-context-support/4.2.1.BUILD-SNAPSHOT/spring-context-support-4.2.1.BUILD-SNAPSHOT.jar
2015-08-20 02:00:45.096+0000 INFO  [o.n.k.i.DiagnosticsManager]:  [loader.0] file:/Users/kennybastani/.m2/repository/com/netflix/governator/governator-annotations/1.7.5/governator-annotations-1.7.5.jar
2015-08-20 02:00:45.096+0000 INFO  [o.n.k.i.DiagnosticsManager]:  [loader.0] file:/Users/kennybastani/.m2/repository/org/apache/httpcomponents/httpcore-nio/4.3/httpcore-nio-4.3.jar
2015-08-20 02:00:45.096+0000 INFO  [o.n.k.i.DiagnosticsManager]:  [loader.0] file:/Users/kennybastani/.m2/repository/com/sun/jersey/jersey-client/1.13/jersey-client-1.13.jar
2015-08-20 02:00:45.096+0000 INFO  [o.n.k.i.DiagnosticsManager]:  [loader.0] file:/Users/kennybastani/.m2/repository/io/netty/netty-common/4.0.25.Final/netty-common-4.0.25.Final.jar
2015-08-20 02:00:45.096+0000 INFO  [o.n.k.i.DiagnosticsManager]:  [loader.0] file:/Users/kennybastani/.m2/repository/net/spy/spymemcached/2.11.6/spymemcached-2.11.6.jar
2015-08-20 02:00:45.096+0000 INFO  [o.n.k.i.DiagnosticsManager]: Library path:
2015-08-20 02:00:45.097+0000 INFO  [o.n.k.i.DiagnosticsManager]: /Users/kennybastani/Library/Java/Extensions
2015-08-20 02:00:45.097+0000 INFO  [o.n.k.i.DiagnosticsManager]: /Library/Java/Extensions
2015-08-20 02:00:45.097+0000 INFO  [o.n.k.i.DiagnosticsManager]: /Network/Library/Java/Extensions
2015-08-20 02:00:45.097+0000 INFO  [o.n.k.i.DiagnosticsManager]: /System/Library/Java/Extensions
2015-08-20 02:00:45.097+0000 INFO  [o.n.k.i.DiagnosticsManager]: /usr/lib/java
2015-08-20 02:00:45.097+0000 INFO  [o.n.k.i.DiagnosticsManager]: /Users/kennybastani/Documents/GitHub/spring-cloud-microservice-example/user-microservice
2015-08-20 02:00:45.097+0000 INFO  [o.n.k.i.DiagnosticsManager]: System.properties:
2015-08-20 02:00:45.097+0000 INFO  [o.n.k.i.DiagnosticsManager]: sun.boot.library.path = /Library/Java/JavaVirtualMachines/jdk1.8.0_51.jdk/Contents/Home/jre/lib
2015-08-20 02:00:45.097+0000 INFO  [o.n.k.i.DiagnosticsManager]: gopherProxySet = false
2015-08-20 02:00:45.097+0000 INFO  [o.n.k.i.DiagnosticsManager]: maven.multiModuleProjectDirectory = /Users/kennybastani/Documents/GitHub/spring-cloud-microservice-example/user-microservice
2015-08-20 02:00:45.098+0000 INFO  [o.n.k.i.DiagnosticsManager]: guice.disable.misplaced.annotation.check = true
2015-08-20 02:00:45.098+0000 INFO  [o.n.k.i.DiagnosticsManager]: path.separator = :
2015-08-20 02:00:45.098+0000 INFO  [o.n.k.i.DiagnosticsManager]: file.encoding.pkg = sun.io
2015-08-20 02:00:45.098+0000 INFO  [o.n.k.i.DiagnosticsManager]: user.country = US
2015-08-20 02:00:45.098+0000 INFO  [o.n.k.i.DiagnosticsManager]: sun.java.launcher = SUN_STANDARD
2015-08-20 02:00:45.098+0000 INFO  [o.n.k.i.DiagnosticsManager]: sun.os.patch.level = unknown
2015-08-20 02:00:45.098+0000 INFO  [o.n.k.i.DiagnosticsManager]: PID = 1433
2015-08-20 02:00:45.098+0000 INFO  [o.n.k.i.DiagnosticsManager]: user.dir = /Users/kennybastani/Documents/GitHub/spring-cloud-microservice-example/user-microservice
2015-08-20 02:00:45.098+0000 INFO  [o.n.k.i.DiagnosticsManager]: org.jboss.logging.provider = slf4j
2015-08-20 02:00:45.098+0000 INFO  [o.n.k.i.DiagnosticsManager]: classworlds.conf = /usr/local/share/apache-maven-3.3.3/bin/m2.conf
2015-08-20 02:00:45.098+0000 INFO  [o.n.k.i.DiagnosticsManager]: sun.jnu.encoding = UTF-8
2015-08-20 02:00:45.098+0000 INFO  [o.n.k.i.DiagnosticsManager]: sun.management.compiler = HotSpot 64-Bit Tiered Compilers
2015-08-20 02:00:45.098+0000 INFO  [o.n.k.i.DiagnosticsManager]: http.nonProxyHosts = local|*.local|169.254/16|*.169.254/16
2015-08-20 02:00:45.098+0000 INFO  [o.n.k.i.DiagnosticsManager]: user.home = /Users/kennybastani
2015-08-20 02:00:45.098+0000 INFO  [o.n.k.i.DiagnosticsManager]: catalina.useNaming = false
2015-08-20 02:00:45.098+0000 INFO  [o.n.k.i.DiagnosticsManager]: user.timezone = America/Los_Angeles
2015-08-20 02:00:45.098+0000 INFO  [o.n.k.i.DiagnosticsManager]: file.encoding = UTF-8
2015-08-20 02:00:45.098+0000 INFO  [o.n.k.i.DiagnosticsManager]: catalina.home = /private/var/folders/2b/t557p0rn3r59jq69gryqtp_80000gn/T/tomcat.1597061661831996007.9000
2015-08-20 02:00:45.098+0000 INFO  [o.n.k.i.DiagnosticsManager]: user.name = kennybastani
2015-08-20 02:00:45.098+0000 INFO  [o.n.k.i.DiagnosticsManager]: sun.java.command = org.codehaus.plexus.classworlds.launcher.Launcher spring-boot:run
2015-08-20 02:00:45.098+0000 INFO  [o.n.k.i.DiagnosticsManager]: sun.arch.data.model = 64
2015-08-20 02:00:45.098+0000 INFO  [o.n.k.i.DiagnosticsManager]: user.language = en
2015-08-20 02:00:45.098+0000 INFO  [o.n.k.i.DiagnosticsManager]: awt.toolkit = sun.lwawt.macosx.LWCToolkit
2015-08-20 02:00:45.098+0000 INFO  [o.n.k.i.DiagnosticsManager]: catalina.base = /private/var/folders/2b/t557p0rn3r59jq69gryqtp_80000gn/T/tomcat.1597061661831996007.9000
2015-08-20 02:00:45.099+0000 INFO  [o.n.k.i.DiagnosticsManager]: maven.home = /usr/local/share/apache-maven-3.3.3
2015-08-20 02:00:45.099+0000 INFO  [o.n.k.i.DiagnosticsManager]: file.separator = /
2015-08-20 02:00:45.099+0000 INFO  [o.n.k.i.DiagnosticsManager]: LOG_EXCEPTION_CONVERSION_WORD = %rEx
2015-08-20 02:00:45.099+0000 INFO  [o.n.k.i.DiagnosticsManager]: sun.io.unicode.encoding = UnicodeBig
2015-08-20 02:00:45.099+0000 INFO  [o.n.k.i.DiagnosticsManager]: sun.cpu.endian = little
2015-08-20 02:00:45.099+0000 INFO  [o.n.k.i.DiagnosticsManager]: socksNonProxyHosts = local|*.local|169.254/16|*.169.254/16
2015-08-20 02:00:45.099+0000 INFO  [o.n.k.i.DiagnosticsManager]: ftp.nonProxyHosts = local|*.local|169.254/16|*.169.254/16
2015-08-20 02:00:45.099+0000 INFO  [o.n.k.i.DiagnosticsManager]: sun.cpu.isalist = 
2015-08-20 02:00:45.099+0000 INFO  [o.n.k.i.DiagnosticsManager]: Network information:
2015-08-20 02:00:45.100+0000 INFO  [o.n.k.i.DiagnosticsManager]: Interface awdl0:
2015-08-20 02:00:45.100+0000 INFO  [o.n.k.i.DiagnosticsManager]:     address: fe80:0:0:0:876:c4ff:fe7e:6a29%awdl0
2015-08-20 02:00:45.100+0000 INFO  [o.n.k.i.DiagnosticsManager]: Interface en0:
2015-08-20 02:00:45.101+0000 INFO  [o.n.k.i.DiagnosticsManager]:     address: 2601:646:c002:1870:0:0:0:2
2015-08-20 02:00:45.101+0000 INFO  [o.n.k.i.DiagnosticsManager]:     address: 2601:646:c002:1870:a190:146f:5c40:db06
2015-08-20 02:00:45.101+0000 INFO  [o.n.k.i.DiagnosticsManager]:     address: 2601:646:c002:1870:aa66:7fff:fe12:1321
2015-08-20 02:00:45.101+0000 INFO  [o.n.k.i.DiagnosticsManager]:     address: fe80:0:0:0:aa66:7fff:fe12:1321%en0
2015-08-20 02:00:45.101+0000 INFO  [o.n.k.i.DiagnosticsManager]:     address: 10.0.0.8
2015-08-20 02:00:45.101+0000 INFO  [o.n.k.i.DiagnosticsManager]: Interface lo0:
2015-08-20 02:00:45.101+0000 INFO  [o.n.k.i.DiagnosticsManager]:     address: fe80:0:0:0:0:0:0:1%lo0
2015-08-20 02:00:45.102+0000 INFO  [o.n.k.i.DiagnosticsManager]:     address: 0:0:0:0:0:0:0:1
2015-08-20 02:00:45.102+0000 INFO  [o.n.k.i.DiagnosticsManager]:     address: 127.0.0.1
2015-08-20 02:00:45.102+0000 INFO  [o.n.k.i.DiagnosticsManager]: --- INITIALIZED diagnostics END ---
2015-08-20 02:00:45.279+0000 INFO  [o.n.k.i.n.s.StoreFactory]: Creating new db @ user.db/neostore
2015-08-20 02:00:45.348+0000 INFO  [o.n.k.i.n.s.StoreFactory]: [user.db/neostore.relationshiptypestore.db.names] brickCount=0 brickSize=0b mappedMem=0b (storeSize=38b)
2015-08-20 02:00:45.351+0000 INFO  [o.n.k.i.n.s.StoreFactory]: [user.db/neostore.relationshiptypestore.db] brickCount=0 brickSize=0b mappedMem=0b (storeSize=0b)
2015-08-20 02:00:45.351+0000 INFO  [o.n.k.i.n.s.StoreFactory]: user.db/neostore.relationshiptypestore.db.names hit=0 miss=0 switches=0 ooe=0
2015-08-20 02:00:45.354+0000 INFO  [o.n.k.i.n.s.StoreFactory]: user.db/neostore.relationshiptypestore.db hit=0 miss=0 switches=0 ooe=0
2015-08-20 02:00:45.359+0000 INFO  [o.n.k.i.n.s.StoreFactory]: [user.db/neostore.labeltokenstore.db.names] brickCount=0 brickSize=0b mappedMem=0b (storeSize=38b)
2015-08-20 02:00:45.361+0000 INFO  [o.n.k.i.n.s.StoreFactory]: [user.db/neostore.labeltokenstore.db] brickCount=0 brickSize=0b mappedMem=0b (storeSize=0b)
2015-08-20 02:00:45.361+0000 INFO  [o.n.k.i.n.s.StoreFactory]: user.db/neostore.labeltokenstore.db.names hit=0 miss=0 switches=0 ooe=0
2015-08-20 02:00:45.362+0000 INFO  [o.n.k.i.n.s.StoreFactory]: user.db/neostore.labeltokenstore.db hit=0 miss=0 switches=0 ooe=0
2015-08-20 02:00:45.369+0000 INFO  [o.n.k.i.n.s.StoreFactory]: [user.db/neostore.relationshiptypestore.db.names] brickCount=0 brickSize=0b mappedMem=0b (storeSize=38b)
2015-08-20 02:00:45.370+0000 INFO  [o.n.k.i.n.s.StoreFactory]: [user.db/neostore.relationshiptypestore.db] brickCount=0 brickSize=0b mappedMem=0b (storeSize=0b)
2015-08-20 02:00:45.370+0000 INFO  [o.n.k.i.n.s.StoreFactory]: [user.db/neostore.labeltokenstore.db.names] brickCount=0 brickSize=0b mappedMem=0b (storeSize=38b)
2015-08-20 02:00:45.371+0000 INFO  [o.n.k.i.n.s.StoreFactory]: [user.db/neostore.labeltokenstore.db] brickCount=0 brickSize=0b mappedMem=0b (storeSize=0b)
2015-08-20 02:00:45.372+0000 INFO  [o.n.k.i.n.s.StoreFactory]: [user.db/neostore.propertystore.db.strings] brickCount=0 brickSize=525312b mappedMem=525336576b (storeSize=128b)
2015-08-20 02:00:45.372+0000 INFO  [o.n.k.i.n.s.StoreFactory]: [user.db/neostore.propertystore.db.index.keys] brickCount=0 brickSize=0b mappedMem=0b (storeSize=38b)
2015-08-20 02:00:45.373+0000 INFO  [o.n.k.i.n.s.StoreFactory]: [user.db/neostore.propertystore.db.index] brickCount=0 brickSize=0b mappedMem=0b (storeSize=0b)
2015-08-20 02:00:45.374+0000 INFO  [o.n.k.i.n.s.StoreFactory]: [user.db/neostore.propertystore.db.arrays] brickCount=0 brickSize=612352b mappedMem=612368384b (storeSize=128b)
2015-08-20 02:00:45.379+0000 INFO  [o.n.k.i.n.s.StoreFactory]: [user.db/neostore.propertystore.db] brickCount=0 brickSize=5997849b mappedMem=599785472b (storeSize=0b)
2015-08-20 02:00:45.386+0000 INFO  [o.n.k.i.n.s.StoreFactory]: [user.db/neostore.relationshipstore.db] brickCount=0 brickSize=7098826b mappedMem=709885952b (storeSize=0b)
2015-08-20 02:00:45.387+0000 INFO  [o.n.k.i.n.s.StoreFactory]: [user.db/neostore.nodestore.db.labels] brickCount=0 brickSize=0b mappedMem=0b (storeSize=68b)
2015-08-20 02:00:45.393+0000 INFO  [o.n.k.i.n.s.StoreFactory]: [user.db/neostore.nodestore.db] brickCount=0 brickSize=1656750b mappedMem=165675008b (storeSize=0b)
2015-08-20 02:00:45.394+0000 INFO  [o.n.k.i.n.s.StoreFactory]: [user.db/neostore.schemastore.db] brickCount=0 brickSize=0b mappedMem=0b (storeSize=64b)
2015-08-20 02:00:45.400+0000 INFO  [o.n.k.i.n.s.StoreFactory]: [user.db/neostore.relationshipgroupstore.db] brickCount=0 brickSize=0b mappedMem=0b (storeSize=25b)
2015-08-20 02:00:45.402+0000 INFO  [o.n.k.i.n.s.StoreFactory]: [user.db/neostore] brickCount=0 brickSize=0b mappedMem=0b (storeSize=0b)
2015-08-20 02:00:45.421+0000 INFO  [o.n.k.i.n.s.StoreFactory]: user.db/neostore.relationshiptypestore.db.names hit=0 miss=0 switches=0 ooe=0
2015-08-20 02:00:45.422+0000 INFO  [o.n.k.i.n.s.StoreFactory]: user.db/neostore.relationshiptypestore.db hit=0 miss=0 switches=0 ooe=0
2015-08-20 02:00:45.423+0000 INFO  [o.n.k.i.n.s.StoreFactory]: user.db/neostore.labeltokenstore.db.names hit=0 miss=0 switches=0 ooe=0
2015-08-20 02:00:45.425+0000 INFO  [o.n.k.i.n.s.StoreFactory]: user.db/neostore.labeltokenstore.db hit=0 miss=0 switches=0 ooe=0
2015-08-20 02:00:45.427+0000 INFO  [o.n.k.i.n.s.StoreFactory]: user.db/neostore.propertystore.db.strings hit=0 miss=0 switches=0 ooe=0
2015-08-20 02:00:45.428+0000 INFO  [o.n.k.i.n.s.StoreFactory]: user.db/neostore.propertystore.db.index.keys hit=0 miss=0 switches=0 ooe=0
2015-08-20 02:00:45.430+0000 INFO  [o.n.k.i.n.s.StoreFactory]: user.db/neostore.propertystore.db.index hit=0 miss=0 switches=0 ooe=0
2015-08-20 02:00:45.431+0000 INFO  [o.n.k.i.n.s.StoreFactory]: user.db/neostore.propertystore.db.arrays hit=0 miss=0 switches=0 ooe=0
2015-08-20 02:00:45.433+0000 INFO  [o.n.k.i.n.s.StoreFactory]: user.db/neostore.propertystore.db hit=0 miss=0 switches=0 ooe=0
2015-08-20 02:00:45.436+0000 INFO  [o.n.k.i.n.s.StoreFactory]: user.db/neostore.relationshipstore.db hit=0 miss=0 switches=0 ooe=0
2015-08-20 02:00:45.437+0000 INFO  [o.n.k.i.n.s.StoreFactory]: user.db/neostore.nodestore.db.labels hit=0 miss=0 switches=0 ooe=0
2015-08-20 02:00:45.439+0000 INFO  [o.n.k.i.n.s.StoreFactory]: user.db/neostore.nodestore.db hit=0 miss=0 switches=0 ooe=0
2015-08-20 02:00:45.439+0000 INFO  [o.n.k.i.n.s.StoreFactory]: user.db/neostore.schemastore.db hit=0 miss=0 switches=0 ooe=0
2015-08-20 02:00:45.441+0000 INFO  [o.n.k.i.n.s.StoreFactory]: user.db/neostore.relationshipgroupstore.db hit=0 miss=0 switches=0 ooe=0
2015-08-20 02:00:45.442+0000 INFO  [o.n.k.i.n.s.StoreFactory]: user.db/neostore hit=0 miss=10 switches=0 ooe=0
2015-08-20 02:00:45.477+0000 INFO  [o.n.k.i.n.s.StoreFactory]: [user.db/neostore.relationshiptypestore.db.names] brickCount=0 brickSize=0b mappedMem=0b (storeSize=38b)
2015-08-20 02:00:45.479+0000 INFO  [o.n.k.i.n.s.StoreFactory]: [user.db/neostore.relationshiptypestore.db] brickCount=0 brickSize=0b mappedMem=0b (storeSize=0b)
2015-08-20 02:00:45.480+0000 INFO  [o.n.k.i.n.s.StoreFactory]: [user.db/neostore.labeltokenstore.db.names] brickCount=0 brickSize=0b mappedMem=0b (storeSize=38b)
2015-08-20 02:00:45.483+0000 INFO  [o.n.k.i.n.s.StoreFactory]: [user.db/neostore.labeltokenstore.db] brickCount=0 brickSize=0b mappedMem=0b (storeSize=0b)
2015-08-20 02:00:45.489+0000 INFO  [o.n.k.i.n.s.StoreFactory]: [user.db/neostore.propertystore.db.strings] brickCount=0 brickSize=525312b mappedMem=525336576b (storeSize=128b)
2015-08-20 02:00:45.501+0000 INFO  [o.n.k.i.n.s.StoreFactory]: [user.db/neostore.propertystore.db.index.keys] brickCount=0 brickSize=0b mappedMem=0b (storeSize=38b)
2015-08-20 02:00:45.503+0000 INFO  [o.n.k.i.n.s.StoreFactory]: [user.db/neostore.propertystore.db.index] brickCount=0 brickSize=0b mappedMem=0b (storeSize=0b)
2015-08-20 02:00:45.503+0000 INFO  [o.n.k.i.n.s.StoreFactory]: [user.db/neostore.propertystore.db.arrays] brickCount=0 brickSize=612352b mappedMem=612368384b (storeSize=128b)
2015-08-20 02:00:45.504+0000 INFO  [o.n.k.i.n.s.StoreFactory]: [user.db/neostore.propertystore.db] brickCount=0 brickSize=5997849b mappedMem=599785472b (storeSize=0b)
2015-08-20 02:00:45.505+0000 INFO  [o.n.k.i.n.s.StoreFactory]: [user.db/neostore.relationshipstore.db] brickCount=0 brickSize=7098826b mappedMem=709885952b (storeSize=0b)
2015-08-20 02:00:45.507+0000 INFO  [o.n.k.i.n.s.StoreFactory]: [user.db/neostore.nodestore.db.labels] brickCount=0 brickSize=0b mappedMem=0b (storeSize=68b)
2015-08-20 02:00:45.508+0000 INFO  [o.n.k.i.n.s.StoreFactory]: [user.db/neostore.nodestore.db] brickCount=0 brickSize=1656750b mappedMem=165675008b (storeSize=0b)
2015-08-20 02:00:45.508+0000 INFO  [o.n.k.i.n.s.StoreFactory]: [user.db/neostore.schemastore.db] brickCount=0 brickSize=0b mappedMem=0b (storeSize=64b)
2015-08-20 02:00:45.509+0000 INFO  [o.n.k.i.n.s.StoreFactory]: [user.db/neostore.relationshipgroupstore.db] brickCount=0 brickSize=0b mappedMem=0b (storeSize=25b)
2015-08-20 02:00:45.510+0000 INFO  [o.n.k.i.n.s.StoreFactory]: [user.db/neostore] brickCount=0 brickSize=0b mappedMem=0b (storeSize=81b)
2015-08-20 02:00:45.919+0000 INFO  [o.n.k.a.i.i.LuceneLabelScanStore]: No lucene scan store index found, this might just be first use. Preparing to rebuild.
2015-08-20 02:00:46.013+0000 INFO  [o.n.k.a.i.i.LuceneLabelScanStore]: No lucene scan store index found, this might just be first use. Preparing to rebuild.
2015-08-20 02:00:46.550+0000 INFO  [o.n.k.i.t.x.XaLogicalLog]: Opened logical log [user.db/nioneo_logical.log.1] version=0, lastTxId=1 (clean)
2015-08-20 02:00:46.566+0000 INFO  [o.n.k.a.i.i.LuceneLabelScanStore]: Rebuilding lucene scan store, this may take a while
2015-08-20 02:00:46.579+0000 INFO  [o.n.k.a.i.i.LuceneLabelScanStore]: Lucene scan store rebuilt (roughly -1 nodes)
2015-08-20 02:00:46.602+0000 INFO  [o.n.k.i.t.TxManager]: TM new log: tm_tx_log.1
2015-08-20 02:00:46.634+0000 INFO  [o.n.k.i.t.KernelHealth]: Kernel health set to OK
2015-08-20 02:00:46.703+0000 INFO  [o.n.k.i.t.x.XaLogicalLog]: Opened logical log [user.db/index/lucene.log.1] version=0, lastTxId=1 (clean)
2015-08-20 02:00:46.727+0000 INFO  [o.n.k.i.DiagnosticsManager]: --- STARTED diagnostics for KernelDiagnostics:Versions START ---
2015-08-20 02:00:46.730+0000 INFO  [o.n.k.i.DiagnosticsManager]: Graph Database: org.neo4j.kernel.EmbeddedGraphDatabase StoreId{creationTime=1440036045290, randomId=-381546151061339206, storeVersion=14406081294923270, upgradeTime=1440036045290, upgradeId=-381546151061339206}
2015-08-20 02:00:46.731+0000 INFO  [o.n.k.i.DiagnosticsManager]: Kernel version: Neo4j - Graph Database Kernel (neo4j-kernel), version: 2.1.8
2015-08-20 02:00:46.732+0000 INFO  [o.n.k.i.DiagnosticsManager]: Neo4j component versions:
2015-08-20 02:00:46.766+0000 INFO  [o.n.k.i.DiagnosticsManager]:   Neo4j - Cypher Compiler 1.9 (neo4j-cypher-compiler-1.9), version: 2.0.3; revision: 2.0.3:2.0-maint:72/307c563c11b75fdc71cfa6df05daf9b08d6c37dc
2015-08-20 02:00:46.767+0000 INFO  [o.n.k.i.DiagnosticsManager]:   Neo4j Community (neo4j), version: 2.1.8; revision: 2.1.8:2.1-maint:687/5c83ce3a5ddf33259593f719153ce71a6fe89fc7
2015-08-20 02:00:46.773+0000 INFO  [o.n.k.i.DiagnosticsManager]:   Neo4j - Cypher Commons (neo4j-cypher-commons), version: 2.1.8; revision: 2.1.8:2.1-maint:687/5c83ce3a5ddf33259593f719153ce71a6fe89fc7
2015-08-20 02:00:46.775+0000 INFO  [o.n.k.i.DiagnosticsManager]:   neo4j-udc, version: 2.1.8; revision: 2.1.8:2.1-maint:687/5c83ce3a5ddf33259593f719153ce71a6fe89fc7
2015-08-20 02:00:46.775+0000 INFO  [o.n.k.i.DiagnosticsManager]:   Neo4j - Lucene Index (neo4j-lucene-index), version: 2.1.8; revision: 2.1.8:2.1-maint:687/5c83ce3a5ddf33259593f719153ce71a6fe89fc7
2015-08-20 02:00:46.775+0000 INFO  [o.n.k.i.DiagnosticsManager]:   Neo4j - Cypher Compiler 2.0 (neo4j-cypher-compiler-2.0), version: 2.0.3; revision: 2.0.3:2.0-maint:72/307c563c11b75fdc71cfa6df05daf9b08d6c37dc
2015-08-20 02:00:46.775+0000 INFO  [o.n.k.i.DiagnosticsManager]:   Neo4j - Graph Database Kernel (neo4j-kernel), version: 2.1.8; revision: 2.1.8:2.1-maint:687/5c83ce3a5ddf33259593f719153ce71a6fe89fc7
2015-08-20 02:00:46.776+0000 INFO  [o.n.k.i.DiagnosticsManager]:   Neo4j - Graph Matching (neo4j-graph-matching), version: 2.1.8; revision: 2.1.8:2.1-maint:687/5c83ce3a5ddf33259593f719153ce71a6fe89fc7
2015-08-20 02:00:46.776+0000 INFO  [o.n.k.i.DiagnosticsManager]:   Neo4j - JMX support (neo4j-jmx), version: 2.1.8; revision: 2.1.8:2.1-maint:687/5c83ce3a5ddf33259593f719153ce71a6fe89fc7
2015-08-20 02:00:46.776+0000 INFO  [o.n.k.i.DiagnosticsManager]:   Neo4j - Cypher Compiler 2.1 (neo4j-cypher-compiler-2.1), version: 2.1.8; revision: 2.1.8:2.1-maint:687/5c83ce3a5ddf33259593f719153ce71a6fe89fc7
2015-08-20 02:00:46.776+0000 INFO  [o.n.k.i.DiagnosticsManager]:   Neo4j - Cypher (neo4j-cypher), version: 2.1.8; revision: 2.1.8:2.1-maint:687/5c83ce3a5ddf33259593f719153ce71a6fe89fc7
2015-08-20 02:00:46.776+0000 INFO  [o.n.k.i.DiagnosticsManager]:   Neo4j - Graph Algorithms (neo4j-graph-algo), version: 2.1.8; revision: 2.1.8:2.1-maint:687/5c83ce3a5ddf33259593f719153ce71a6fe89fc7
2015-08-20 02:00:46.777+0000 INFO  [o.n.k.i.DiagnosticsManager]: --- STARTED diagnostics for KernelDiagnostics:Versions END ---
2015-08-20 02:00:46.792+0000 INFO  [o.n.k.i.DiagnosticsManager]: --- STARTED diagnostics for NEO_STORE_VERSIONS START ---
2015-08-20 02:00:46.793+0000 INFO  [o.n.k.i.DiagnosticsManager]: Store versions:
2015-08-20 02:00:46.793+0000 INFO  [o.n.k.i.DiagnosticsManager]: Store versions:
2015-08-20 02:00:46.794+0000 INFO  [o.n.k.i.DiagnosticsManager]:   NeoStore v0.A.3
2015-08-20 02:00:46.794+0000 INFO  [o.n.k.i.DiagnosticsManager]:   SchemaStore v0.A.3
2015-08-20 02:00:46.794+0000 INFO  [o.n.k.i.DiagnosticsManager]:   NodeStore v0.A.3
2015-08-20 02:00:46.795+0000 INFO  [o.n.k.i.DiagnosticsManager]:   RelationshipStore v0.A.3
2015-08-20 02:00:46.795+0000 INFO  [o.n.k.i.DiagnosticsManager]:   RelationshipTypeStore v0.A.3
2015-08-20 02:00:46.795+0000 INFO  [o.n.k.i.DiagnosticsManager]:   LabelTokenStore v0.A.3
2015-08-20 02:00:46.795+0000 INFO  [o.n.k.i.DiagnosticsManager]:   PropertyStore v0.A.3
2015-08-20 02:00:46.795+0000 INFO  [o.n.k.i.DiagnosticsManager]:   PropertyIndexStore v0.A.3
2015-08-20 02:00:46.795+0000 INFO  [o.n.k.i.DiagnosticsManager]:   StringPropertyStore v0.A.3
2015-08-20 02:00:46.795+0000 INFO  [o.n.k.i.DiagnosticsManager]:   ArrayPropertyStore v0.A.3
2015-08-20 02:00:46.795+0000 INFO  [o.n.k.i.DiagnosticsManager]:   RelationshipGroupStore v0.A.3
2015-08-20 02:00:46.795+0000 INFO  [o.n.k.i.DiagnosticsManager]: --- STARTED diagnostics for NEO_STORE_VERSIONS END ---
2015-08-20 02:00:46.795+0000 INFO  [o.n.k.i.DiagnosticsManager]: --- STARTED diagnostics for NEO_STORE_ID_USAGE START ---
2015-08-20 02:00:46.795+0000 INFO  [o.n.k.i.DiagnosticsManager]: Id usage:
2015-08-20 02:00:46.796+0000 INFO  [o.n.k.i.DiagnosticsManager]: Id usage:
2015-08-20 02:00:46.796+0000 INFO  [o.n.k.i.DiagnosticsManager]:   SchemaStore: used=1 high=0
2015-08-20 02:00:46.797+0000 INFO  [o.n.k.i.DiagnosticsManager]:   NodeStore: used=0 high=-1
2015-08-20 02:00:46.797+0000 INFO  [o.n.k.i.DiagnosticsManager]:   RelationshipStore: used=0 high=-1
2015-08-20 02:00:46.797+0000 INFO  [o.n.k.i.DiagnosticsManager]:   RelationshipTypeStore: used=0 high=-1
2015-08-20 02:00:46.797+0000 INFO  [o.n.k.i.DiagnosticsManager]:   LabelTokenStore: used=0 high=-1
2015-08-20 02:00:46.797+0000 INFO  [o.n.k.i.DiagnosticsManager]:   PropertyStore: used=0 high=-1
2015-08-20 02:00:46.797+0000 INFO  [o.n.k.i.DiagnosticsManager]:   PropertyIndexStore: used=0 high=-1
2015-08-20 02:00:46.797+0000 INFO  [o.n.k.i.DiagnosticsManager]:   StringPropertyStore: used=1 high=0
2015-08-20 02:00:46.798+0000 INFO  [o.n.k.i.DiagnosticsManager]:   ArrayPropertyStore: used=1 high=0
2015-08-20 02:00:46.798+0000 INFO  [o.n.k.i.DiagnosticsManager]:   RelationshipGroupStore: used=1 high=0
2015-08-20 02:00:46.798+0000 INFO  [o.n.k.i.DiagnosticsManager]: --- STARTED diagnostics for NEO_STORE_ID_USAGE END ---
2015-08-20 02:00:46.798+0000 INFO  [o.n.k.i.DiagnosticsManager]: --- STARTED diagnostics for PERSISTENCE_WINDOW_POOL_STATS START ---
2015-08-20 02:00:46.798+0000 INFO  [o.n.k.i.DiagnosticsManager]: --- STARTED diagnostics for PERSISTENCE_WINDOW_POOL_STATS END ---
2015-08-20 02:00:46.799+0000 INFO  [o.n.k.i.DiagnosticsManager]: --- STARTED diagnostics for KernelDiagnostics:StoreFiles START ---
2015-08-20 02:00:46.799+0000 INFO  [o.n.k.i.DiagnosticsManager]: Disk space on partition (Total / Free / Free %): 498954403840 / 413125791744 / 82
Storage files: (filename : modification date - size)
2015-08-20 02:00:46.801+0000 INFO  [o.n.k.i.DiagnosticsManager]:   active_tx_log: 2015-08-19T19:00:46-0700 - 11.00 B
2015-08-20 02:00:46.801+0000 INFO  [o.n.k.i.DiagnosticsManager]:   index:
2015-08-20 02:00:46.802+0000 INFO  [o.n.k.i.DiagnosticsManager]:     lucene-store.db: 2015-08-19T19:00:46-0700 - 40.00 B
2015-08-20 02:00:46.802+0000 INFO  [o.n.k.i.DiagnosticsManager]:     lucene.log.1: 2015-08-19T19:00:46-0700 - 16.00 B
2015-08-20 02:00:46.802+0000 INFO  [o.n.k.i.DiagnosticsManager]:     lucene.log.active: 2015-08-19T19:00:46-0700 - 4.00 B
2015-08-20 02:00:46.803+0000 INFO  [o.n.k.i.DiagnosticsManager]:   - Total: 2015-08-19T19:00:46-0700 - 60.00 B
2015-08-20 02:00:46.803+0000 INFO  [o.n.k.i.DiagnosticsManager]:   lock: 2015-08-19T19:00:45-0700 - 0.00 B
2015-08-20 02:00:46.803+0000 INFO  [o.n.k.i.DiagnosticsManager]:   messages.log: 2015-08-19T19:00:46-0700 - 57.87 kB
2015-08-20 02:00:46.803+0000 INFO  [o.n.k.i.DiagnosticsManager]:   neostore: 2015-08-19T19:00:45-0700 - 81.00 B
2015-08-20 02:00:46.804+0000 INFO  [o.n.k.i.DiagnosticsManager]:   neostore.id: 2015-08-19T19:00:45-0700 - 9.00 B
2015-08-20 02:00:46.804+0000 INFO  [o.n.k.i.DiagnosticsManager]:   neostore.labeltokenstore.db: 2015-08-19T19:00:45-0700 - 0.00 B
2015-08-20 02:00:46.804+0000 INFO  [o.n.k.i.DiagnosticsManager]:   neostore.labeltokenstore.db.id: 2015-08-19T19:00:45-0700 - 9.00 B
2015-08-20 02:00:46.804+0000 INFO  [o.n.k.i.DiagnosticsManager]:   neostore.labeltokenstore.db.names: 2015-08-19T19:00:45-0700 - 38.00 B
2015-08-20 02:00:46.804+0000 INFO  [o.n.k.i.DiagnosticsManager]:   neostore.labeltokenstore.db.names.id: 2015-08-19T19:00:45-0700 - 9.00 B
2015-08-20 02:00:46.805+0000 INFO  [o.n.k.i.DiagnosticsManager]:   neostore.nodestore.db: 2015-08-19T19:00:45-0700 - 0.00 B
2015-08-20 02:00:46.805+0000 INFO  [o.n.k.i.DiagnosticsManager]:   neostore.nodestore.db.id: 2015-08-19T19:00:45-0700 - 9.00 B
2015-08-20 02:00:46.805+0000 INFO  [o.n.k.i.DiagnosticsManager]:   neostore.nodestore.db.labels: 2015-08-19T19:00:45-0700 - 68.00 B
2015-08-20 02:00:46.805+0000 INFO  [o.n.k.i.DiagnosticsManager]:   neostore.nodestore.db.labels.id: 2015-08-19T19:00:45-0700 - 9.00 B
2015-08-20 02:00:46.807+0000 INFO  [o.n.k.i.DiagnosticsManager]:   neostore.propertystore.db: 2015-08-19T19:00:45-0700 - 0.00 B
2015-08-20 02:00:46.808+0000 INFO  [o.n.k.i.DiagnosticsManager]:   neostore.propertystore.db.arrays: 2015-08-19T19:00:45-0700 - 128.00 B
2015-08-20 02:00:46.808+0000 INFO  [o.n.k.i.DiagnosticsManager]:   neostore.propertystore.db.arrays.id: 2015-08-19T19:00:45-0700 - 9.00 B
2015-08-20 02:00:46.808+0000 INFO  [o.n.k.i.DiagnosticsManager]:   neostore.propertystore.db.id: 2015-08-19T19:00:45-0700 - 9.00 B
2015-08-20 02:00:46.809+0000 INFO  [o.n.k.i.DiagnosticsManager]:   neostore.propertystore.db.index: 2015-08-19T19:00:45-0700 - 0.00 B
2015-08-20 02:00:46.809+0000 INFO  [o.n.k.i.DiagnosticsManager]:   neostore.propertystore.db.index.id: 2015-08-19T19:00:45-0700 - 9.00 B
2015-08-20 02:00:46.809+0000 INFO  [o.n.k.i.DiagnosticsManager]:   neostore.propertystore.db.index.keys: 2015-08-19T19:00:45-0700 - 38.00 B
2015-08-20 02:00:46.809+0000 INFO  [o.n.k.i.DiagnosticsManager]:   neostore.propertystore.db.index.keys.id: 2015-08-19T19:00:45-0700 - 9.00 B
2015-08-20 02:00:46.810+0000 INFO  [o.n.k.i.DiagnosticsManager]:   neostore.propertystore.db.strings: 2015-08-19T19:00:45-0700 - 128.00 B
2015-08-20 02:00:46.810+0000 INFO  [o.n.k.i.DiagnosticsManager]:   neostore.propertystore.db.strings.id: 2015-08-19T19:00:45-0700 - 9.00 B
2015-08-20 02:00:46.810+0000 INFO  [o.n.k.i.DiagnosticsManager]:   neostore.relationshipgroupstore.db: 2015-08-19T19:00:45-0700 - 25.00 B
2015-08-20 02:00:46.810+0000 INFO  [o.n.k.i.DiagnosticsManager]:   neostore.relationshipgroupstore.db.id: 2015-08-19T19:00:45-0700 - 9.00 B
2015-08-20 02:00:46.810+0000 INFO  [o.n.k.i.DiagnosticsManager]:   neostore.relationshipstore.db: 2015-08-19T19:00:45-0700 - 0.00 B
2015-08-20 02:00:46.811+0000 INFO  [o.n.k.i.DiagnosticsManager]:   neostore.relationshipstore.db.id: 2015-08-19T19:00:45-0700 - 9.00 B
2015-08-20 02:00:46.811+0000 INFO  [o.n.k.i.DiagnosticsManager]:   neostore.relationshiptypestore.db: 2015-08-19T19:00:45-0700 - 0.00 B
2015-08-20 02:00:46.811+0000 INFO  [o.n.k.i.DiagnosticsManager]:   neostore.relationshiptypestore.db.id: 2015-08-19T19:00:45-0700 - 9.00 B
2015-08-20 02:00:46.811+0000 INFO  [o.n.k.i.DiagnosticsManager]:   neostore.relationshiptypestore.db.names: 2015-08-19T19:00:45-0700 - 38.00 B
2015-08-20 02:00:46.811+0000 INFO  [o.n.k.i.DiagnosticsManager]:   neostore.relationshiptypestore.db.names.id: 2015-08-19T19:00:45-0700 - 9.00 B
2015-08-20 02:00:46.812+0000 INFO  [o.n.k.i.DiagnosticsManager]:   neostore.schemastore.db: 2015-08-19T19:00:45-0700 - 64.00 B
2015-08-20 02:00:46.812+0000 INFO  [o.n.k.i.DiagnosticsManager]:   neostore.schemastore.db.id: 2015-08-19T19:00:45-0700 - 9.00 B
2015-08-20 02:00:46.812+0000 INFO  [o.n.k.i.DiagnosticsManager]:   nioneo_logical.log.1: 2015-08-19T19:00:46-0700 - 16.00 B
2015-08-20 02:00:46.815+0000 INFO  [o.n.k.i.DiagnosticsManager]:   nioneo_logical.log.active: 2015-08-19T19:00:46-0700 - 4.00 B
2015-08-20 02:00:46.816+0000 INFO  [o.n.k.i.DiagnosticsManager]:   schema:
2015-08-20 02:00:46.816+0000 INFO  [o.n.k.i.DiagnosticsManager]:     label:
2015-08-20 02:00:46.816+0000 INFO  [o.n.k.i.DiagnosticsManager]:       lucene:
2015-08-20 02:00:46.817+0000 INFO  [o.n.k.i.DiagnosticsManager]:         write.lock: 2015-08-19T19:00:46-0700 - 0.00 B
2015-08-20 02:00:46.818+0000 INFO  [o.n.k.i.DiagnosticsManager]:       - Total: 2015-08-19T19:00:46-0700 - 0.00 B
2015-08-20 02:00:46.819+0000 INFO  [o.n.k.i.DiagnosticsManager]:     - Total: 2015-08-19T19:00:46-0700 - 0.00 B
2015-08-20 02:00:46.819+0000 INFO  [o.n.k.i.DiagnosticsManager]:   - Total: 2015-08-19T19:00:45-0700 - 0.00 B
2015-08-20 02:00:46.819+0000 INFO  [o.n.k.i.DiagnosticsManager]:   store_lock: 2015-08-19T19:00:45-0700 - 0.00 B
2015-08-20 02:00:46.819+0000 INFO  [o.n.k.i.DiagnosticsManager]:   tm_tx_log.1: 2015-08-19T19:00:46-0700 - 0.00 B
2015-08-20 02:00:46.819+0000 INFO  [o.n.k.i.DiagnosticsManager]: --- STARTED diagnostics for KernelDiagnostics:StoreFiles END ---
2015-08-20 02:00:46.951+0000 INFO  [o.n.k.EmbeddedGraphDatabase]: Database is now ready
2015-08-20 02:01:59.441+0000 INFO  [o.n.k.EmbeddedGraphDatabase]: Shutdown started
2015-08-20 02:01:59.444+0000 INFO  [o.n.k.EmbeddedGraphDatabase]: Database is now unavailable
2015-08-20 02:01:59.456+0000 INFO  [o.n.k.i.t.x.XaLogicalLog]: Closed log user.db/index/lucene.log
2015-08-20 02:01:59.458+0000 INFO  [o.n.k.i.t.TxManager]: TM shutting down
2015-08-20 02:01:59.467+0000 INFO  [o.n.k.i.t.x.XaLogicalLog]: Closed log user.db/nioneo_logical.log
2015-08-20 02:01:59.470+0000 INFO  [o.n.k.i.n.s.StoreFactory]: user.db/neostore.relationshiptypestore.db.names hit=0 miss=0 switches=0 ooe=0
2015-08-20 02:01:59.471+0000 INFO  [o.n.k.i.n.s.StoreFactory]: user.db/neostore.relationshiptypestore.db hit=0 miss=0 switches=0 ooe=0
2015-08-20 02:01:59.475+0000 INFO  [o.n.k.i.n.s.StoreFactory]: user.db/neostore.labeltokenstore.db.names hit=0 miss=2 switches=0 ooe=0
2015-08-20 02:01:59.477+0000 INFO  [o.n.k.i.n.s.StoreFactory]: user.db/neostore.labeltokenstore.db hit=0 miss=2 switches=0 ooe=0
2015-08-20 02:01:59.478+0000 INFO  [o.n.k.i.n.s.StoreFactory]: user.db/neostore.propertystore.db.strings hit=0 miss=0 switches=0 ooe=0
2015-08-20 02:01:59.479+0000 INFO  [o.n.k.i.n.s.StoreFactory]: user.db/neostore.propertystore.db.index.keys hit=0 miss=5 switches=0 ooe=0
2015-08-20 02:01:59.481+0000 INFO  [o.n.k.i.n.s.StoreFactory]: user.db/neostore.propertystore.db.index hit=0 miss=5 switches=0 ooe=0
2015-08-20 02:01:59.482+0000 INFO  [o.n.k.i.n.s.StoreFactory]: user.db/neostore.propertystore.db.arrays hit=0 miss=0 switches=0 ooe=0
2015-08-20 02:01:59.483+0000 INFO  [o.n.k.i.n.s.StoreFactory]: user.db/neostore.propertystore.db hit=1886 miss=0 switches=0 ooe=0
2015-08-20 02:01:59.484+0000 INFO  [o.n.k.i.n.s.StoreFactory]: user.db/neostore.relationshipstore.db hit=0 miss=0 switches=0 ooe=0
2015-08-20 02:01:59.486+0000 INFO  [o.n.k.i.n.s.StoreFactory]: user.db/neostore.nodestore.db.labels hit=0 miss=0 switches=0 ooe=0
2015-08-20 02:01:59.488+0000 INFO  [o.n.k.i.n.s.StoreFactory]: user.db/neostore.nodestore.db hit=943 miss=0 switches=0 ooe=0
2015-08-20 02:01:59.489+0000 INFO  [o.n.k.i.n.s.StoreFactory]: user.db/neostore.schemastore.db hit=0 miss=0 switches=0 ooe=0
2015-08-20 02:01:59.490+0000 INFO  [o.n.k.i.n.s.StoreFactory]: user.db/neostore.relationshipgroupstore.db hit=0 miss=0 switches=0 ooe=0
2015-08-20 02:01:59.491+0000 INFO  [o.n.k.i.n.s.StoreFactory]: user.db/neostore hit=0 miss=29 switches=0 ooe=0
2015-08-20 02:01:59.493+0000 INFO  [o.n.k.i.n.x.NeoStoreXaDataSource]: NeoStore closed
2015-08-20 02:01:59.493+0000 INFO  [o.n.k.i.DiagnosticsManager]: --- STOPPING diagnostics START ---
2015-08-20 02:01:59.493+0000 INFO  [o.n.k.i.DiagnosticsManager]: --- STOPPING diagnostics END ---
